<?xml version="1.0" encoding="UTF-8"?>
<Site BuildName="Win32-mingw32-make"
	BuildStamp="20230616-0140-Experimental"
	Name="DESKTOP-L5KASJD"
	Generator="ctest-3.27.0-rc2"
	CompilerName="C:/msys64/mingw64/bin/g++.exe"
	CompilerVersion="13.1.0"
	OSName="Windows"
	Hostname="DESKTOP-L5KASJD"
	OSRelease=" Personal"
	OSVersion=" (Build 22621)"
	OSPlatform="AMD64"
	Is64Bits="1"
	VendorString="GenuineIntel"
	VendorID="Intel Corporation"
	FamilyID="6"
	ModelID="12"
	ProcessorCacheSize="-1"
	NumberOfLogicalCPU="8"
	NumberOfPhysicalCPU="4"
	TotalVirtualMemory="18199"
	TotalPhysicalMemory="7959"
	LogicalProcessorsPerPhysical="2"
	ProcessorClockFrequency="2496"
	>
	<Testing>
		<StartDateTime>Jun 15 23:54 Argentina Standard Time</StartDateTime>
		<StartTestTime>1686884091</StartTestTime>
		<TestList/>
		<EndDateTime>Jun 15 23:54 Argentina Standard Time</EndDateTime>
		<EndTestTime>1686884091</EndTestTime>
		<ElapsedMinutes>0</ElapsedMinutes>
	</Testing>
</Site>
